<?xml version="1.0" encoding="UTF-8"?>
<!-- Generated by org.testng.reporters.JUnitXMLReporter -->
<testsuite ignored="0" hostname="A_Device" failures="0" tests="3" name="Default test" time="5.713" errors="0" timestamp="2023-12-04T18:28:53 PST">
  <testcase classname="com.restassured.teslaproject.RentalCars" name="carsWithLowestPerDayRent" time="3.843"/>
  <testcase classname="com.restassured.teslaproject.RentalCars" name="getdata" time="0.968"/>
  <testcase classname="com.restassured.teslaproject.RentalCars" name="printTeslaBlueColorAndNotes" time="0.823"/>
</testsuite> <!-- Default test -->
