<?xml version="1.0" encoding="UTF-8"?>
<testng-results ignored="0" total="3" passed="3" failed="0" skipped="0">
  <reporter-output>
  </reporter-output>
  <suite started-at="2023-12-04T18:28:47 PST" name="Default suite" finished-at="2023-12-04T18:28:53 PST" duration-ms="5713">
    <groups>
    </groups>
    <test started-at="2023-12-04T18:28:47 PST" name="Default test" finished-at="2023-12-04T18:28:53 PST" duration-ms="5713">
      <class name="com.restassured.teslaproject.RentalCars">
        <test-method signature="carsWithLowestPerDayRent()[pri:0, instance:com.restassured.teslaproject.RentalCars@3c77d488]" started-at="2023-12-04T18:28:47 PST" name="carsWithLowestPerDayRent" finished-at="2023-12-04T18:28:51 PST" duration-ms="3843" status="PASS">
          <reporter-output>
          </reporter-output>
        </test-method> <!-- carsWithLowestPerDayRent -->
        <test-method signature="getdata()[pri:0, instance:com.restassured.teslaproject.RentalCars@3c77d488]" started-at="2023-12-04T18:28:51 PST" name="getdata" finished-at="2023-12-04T18:28:52 PST" duration-ms="968" status="PASS">
          <reporter-output>
          </reporter-output>
        </test-method> <!-- getdata -->
        <test-method signature="printTeslaBlueColorAndNotes()[pri:0, instance:com.restassured.teslaproject.RentalCars@3c77d488]" started-at="2023-12-04T18:28:52 PST" name="printTeslaBlueColorAndNotes" finished-at="2023-12-04T18:28:53 PST" duration-ms="823" status="PASS">
          <reporter-output>
          </reporter-output>
        </test-method> <!-- printTeslaBlueColorAndNotes -->
      </class> <!-- com.restassured.teslaproject.RentalCars -->
    </test> <!-- Default test -->
  </suite> <!-- Default suite -->
</testng-results>
