<?xml version="1.0" encoding="UTF-8"?>
<testng-results ignored="0" total="4" passed="4" failed="0" skipped="0">
  <reporter-output>
  </reporter-output>
  <suite started-at="2023-12-17T21:45:47 PST" name="Default suite" finished-at="2023-12-17T21:45:56 PST" duration-ms="8662">
    <groups>
    </groups>
    <test started-at="2023-12-17T21:45:47 PST" name="Default test" finished-at="2023-12-17T21:45:56 PST" duration-ms="8662">
      <class name="com.restassured.teslaproject.RentalCars">
        <test-method signature="carsWithLowestPerDayRent()[pri:0, instance:com.restassured.teslaproject.RentalCars@63376bed]" started-at="2023-12-17T21:45:47 PST" name="carsWithLowestPerDayRent" finished-at="2023-12-17T21:45:52 PST" duration-ms="4721" status="PASS">
          <reporter-output>
          </reporter-output>
        </test-method> <!-- carsWithLowestPerDayRent -->
        <test-method signature="getdata()[pri:0, instance:com.restassured.teslaproject.RentalCars@63376bed]" started-at="2023-12-17T21:45:52 PST" name="getdata" finished-at="2023-12-17T21:45:53 PST" duration-ms="1362" status="PASS">
          <reporter-output>
          </reporter-output>
        </test-method> <!-- getdata -->
        <test-method signature="printTeslaBlueColorAndNotes()[pri:0, instance:com.restassured.teslaproject.RentalCars@63376bed]" started-at="2023-12-17T21:45:53 PST" name="printTeslaBlueColorAndNotes" finished-at="2023-12-17T21:45:54 PST" duration-ms="779" status="PASS">
          <reporter-output>
          </reporter-output>
        </test-method> <!-- printTeslaBlueColorAndNotes -->
        <test-method signature="returnsCarWithHighestRevenueForFullYear()[pri:0, instance:com.restassured.teslaproject.RentalCars@63376bed]" started-at="2023-12-17T21:45:54 PST" name="returnsCarWithHighestRevenueForFullYear" finished-at="2023-12-17T21:45:56 PST" duration-ms="1718" status="PASS">
          <reporter-output>
          </reporter-output>
        </test-method> <!-- returnsCarWithHighestRevenueForFullYear -->
      </class> <!-- com.restassured.teslaproject.RentalCars -->
    </test> <!-- Default test -->
  </suite> <!-- Default suite -->
</testng-results>
